{"status":"done","publicPath":"http://localhost:3000/","chunks":{"main":[{"name":"static/js/bundle.js","publicPath":"http://localhost:3000/static/js/bundle.js","path":"/home/mhernandex/Project/Django-React/frontend/static/js/bundle.js"},{"name":"0.af3124e910d4281c2926.hot-update.js","publicPath":"http://localhost:3000/0.af3124e910d4281c2926.hot-update.js","path":"/home/mhernandex/Project/Django-React/frontend/0.af3124e910d4281c2926.hot-update.js"},{"name":"static/js/bundle.js.map","publicPath":"http://localhost:3000/static/js/bundle.js.map","path":"/home/mhernandex/Project/Django-React/frontend/static/js/bundle.js.map"},{"name":"0.af3124e910d4281c2926.hot-update.js.map","publicPath":"http://localhost:3000/0.af3124e910d4281c2926.hot-update.js.map","path":"/home/mhernandex/Project/Django-React/frontend/0.af3124e910d4281c2926.hot-update.js.map"}]},"error":"ModuleError","message":"\n  Line 45:  'CHECK_PASSW_REQUEST' is not defined    no-undef\n  Line 51:  'CHECK_PASSW_SUCCESS' is not defined    no-undef\n  Line 59:  'CHECK_PASSW_FAILED' is not defined     no-undef\n  Line 66:  'PASS_USERNAME' is not defined          no-undef\n  Line 72:  'VALIDATE_USER_REQUEST' is not defined  no-undef\n  Line 78:  'VALIDATE_USER_SUCCESS' is not defined  no-undef\n  Line 90:  'VALIDATE_USER_FAILED' is not defined   no-undef\n\nSearch for the keywords to learn more about each error."}